
OpenSBI v0.4 (Jul  2 2019 11:53:53)
   ____                    _____ ____ _____
  / __ \                  / ____|  _ \_   _|
 | |  | |_ __   ___ _ __ | (___ | |_) || |
 | |  | | '_ \ / _ \ '_ \ \___ \|  _ < | |
 | |__| | |_) |  __/ | | |____) | |_) || |_
  \____/| .__/ \___|_| |_|_____/|____/_____|
        | |
        |_|

Platform Name          : QEMU Virt Machine
Platform HART Features : RV64ACDFIMSU
Platform Max HARTs     : 8
Current Hart           : 0
Firmware Base          : 0x80000000
Firmware Size          : 112 KB
Runtime SBI Version    : 0.1

PMP0: 0x0000000080000000-0x000000008001ffff (A)
PMP1: 0x0000000000000000-0xffffffffffffffff (A,R,W,X)
(THU.CST) os is loading ...

Special kernel symbols:
  entry  0xc0200032 (virtual)
  etext  0xc02066e0 (virtual)
  edata  0xc02a7460 (virtual)
  end    0xc02b29bc (virtual)
Kernel executable memory footprint: 715KB
memory management: default_pmm_manager
physcial memory map:
  memory: 0x07e00000, [0x80200000, 0x87ffffff].
vapaofset is 18446744070488326144
check_alloc_page() succeeded!
check_pgdir() succeeded!
check_boot_pgdir() succeeded!
use SLOB allocator
kmalloc_init() succeeded!
check_vma_struct() succeeded!
Store/AMO page fault
page fault at 0x00000100: K/W
check_pgfault() succeeded!
check_vmm() succeeded.
SWAP: manager = fifo swap manager
BEGIN check_swap: count 1, total 31561
setup Page Table for vaddr 0X1000, so alloc a page
setup Page Table vaddr 0~4MB OVER!
set up init env for check_swap begin!
Store/AMO page fault
page fault at 0x00001000: K/W
Store/AMO page fault
page fault at 0x00002000: K/W
Store/AMO page fault
page fault at 0x00003000: K/W
Store/AMO page fault
page fault at 0x00004000: K/W
set up init env for check_swap over!
write Virt Page c in fifo_check_swap
write Virt Page a in fifo_check_swap
write Virt Page d in fifo_check_swap
write Virt Page b in fifo_check_swap
write Virt Page e in fifo_check_swap
Store/AMO page fault
page fault at 0x00005000: K/W
swap_out: i 0, store page in vaddr 0x1000 to disk swap entry 2
write Virt Page b in fifo_check_swap
write Virt Page a in fifo_check_swap
Store/AMO page fault
page fault at 0x00001000: K/W
swap_out: i 0, store page in vaddr 0x2000 to disk swap entry 3
swap_in: load disk swap entry 2 with swap_page in vadr 0x1000
write Virt Page b in fifo_check_swap
Store/AMO page fault
page fault at 0x00002000: K/W
swap_out: i 0, store page in vaddr 0x3000 to disk swap entry 4
swap_in: load disk swap entry 3 with swap_page in vadr 0x2000
write Virt Page c in fifo_check_swap
Store/AMO page fault
page fault at 0x00003000: K/W
swap_out: i 0, store page in vaddr 0x4000 to disk swap entry 5
swap_in: load disk swap entry 4 with swap_page in vadr 0x3000
write Virt Page d in fifo_check_swap
Store/AMO page fault
page fault at 0x00004000: K/W
swap_out: i 0, store page in vaddr 0x5000 to disk swap entry 6
swap_in: load disk swap entry 5 with swap_page in vadr 0x4000
write Virt Page e in fifo_check_swap
Store/AMO page fault
page fault at 0x00005000: K/W
swap_out: i 0, store page in vaddr 0x1000 to disk swap entry 2
swap_in: load disk swap entry 6 with swap_page in vadr 0x5000
write Virt Page a in fifo_check_swap
Load page fault
page fault at 0x00001000: K/R
swap_out: i 0, store page in vaddr 0x2000 to disk swap entry 3
swap_in: load disk swap entry 2 with swap_page in vadr 0x1000
check_swap() succeeded!
++ setup timer interrupts
kernel_execve: pid = 2, name = "forktest".
Breakpoint
Sharing the page 0xc04c2000
Sharing the page 0xc04c1000
Sharing the page 0xc04c0000
Sharing the page 0xc04bd000
Sharing the page 0xc04ba000
Store/AMO page fault
COW: ptep 0xc04bfff8, pte 0x2012f41b
Sharing the page 0xc04c2000
Sharing the page 0xc04c1000
Sharing the page 0xc04c0000
Sharing the page 0xc04ca000
Sharing the page 0xc04ba000
Store/AMO page fault
COW: ptep 0xc04bfff8, pte 0x20132813
Sharing the page 0xc04c2000
Sharing the page 0xc04c1000
Sharing the page 0xc04c0000
Sharing the page 0xc04d2000
Sharing the page 0xc04ba000
Store/AMO page fault
COW: ptep 0xc04bfff8, pte 0x20134813
Sharing the page 0xc04c2000
Sharing the page 0xc04c1000
Sharing the page 0xc04c0000
Sharing the page 0xc04da000
Sharing the page 0xc04ba000
Store/AMO page fault
COW: ptep 0xc04bfff8, pte 0x20136813
Sharing the page 0xc04c2000
Sharing the page 0xc04c1000
Sharing the page 0xc04c0000
Sharing the page 0xc04e2000
Sharing the page 0xc04ba000
Store/AMO page fault
COW: ptep 0xc04bfff8, pte 0x20138813
Sharing the page 0xc04c2000
Sharing the page 0xc04c1000
Sharing the page 0xc04c0000
Sharing the page 0xc04ea000
Sharing the page 0xc04ba000
Store/AMO page fault
COW: ptep 0xc04bfff8, pte 0x2013a813
Sharing the page 0xc04c2000
Sharing the page 0xc04c1000
Sharing the page 0xc04c0000
Sharing the page 0xc04f2000
Sharing the page 0xc04ba000
Store/AMO page fault
COW: ptep 0xc04bfff8, pte 0x2013c813
Sharing the page 0xc04c2000
Sharing the page 0xc04c1000
Sharing the page 0xc04c0000
Sharing the page 0xc04fa000
Sharing the page 0xc04ba000
Store/AMO page fault
COW: ptep 0xc04bfff8, pte 0x2013e813
Sharing the page 0xc04c2000
Sharing the page 0xc04c1000
Sharing the page 0xc04c0000
Sharing the page 0xc0502000
Sharing the page 0xc04ba000
Store/AMO page fault
COW: ptep 0xc04bfff8, pte 0x20140813
Sharing the page 0xc04c2000
Sharing the page 0xc04c1000
Sharing the page 0xc04c0000
Sharing the page 0xc050a000
Sharing the page 0xc04ba000
Store/AMO page fault
COW: ptep 0xc04bfff8, pte 0x20142813
Sharing the page 0xc04c2000
Sharing the page 0xc04c1000
Sharing the page 0xc04c0000
Sharing the page 0xc0512000
Sharing the page 0xc04ba000
Store/AMO page fault
COW: ptep 0xc04bfff8, pte 0x20144813
Sharing the page 0xc04c2000
Sharing the page 0xc04c1000
Sharing the page 0xc04c0000
Sharing the page 0xc051a000
Sharing the page 0xc04ba000
Store/AMO page fault
COW: ptep 0xc04bfff8, pte 0x20146813
Sharing the page 0xc04c2000
Sharing the page 0xc04c1000
Sharing the page 0xc04c0000
Sharing the page 0xc0522000
Sharing the page 0xc04ba000
Store/AMO page fault
COW: ptep 0xc04bfff8, pte 0x20148813
Sharing the page 0xc04c2000
Sharing the page 0xc04c1000
Sharing the page 0xc04c0000
Sharing the page 0xc052a000
Sharing the page 0xc04ba000
Store/AMO page fault
COW: ptep 0xc04bfff8, pte 0x2014a813
Sharing the page 0xc04c2000
Sharing the page 0xc04c1000
Sharing the page 0xc04c0000
Sharing the page 0xc0532000
Sharing the page 0xc04ba000
Store/AMO page fault
COW: ptep 0xc04bfff8, pte 0x2014c813
Sharing the page 0xc04c2000
Sharing the page 0xc04c1000
Sharing the page 0xc04c0000
Sharing the page 0xc053b000
Sharing the page 0xc04ba000
Store/AMO page fault
COW: ptep 0xc04bfff8, pte 0x2014ec13
Sharing the page 0xc04c2000
Sharing the page 0xc04c1000
Sharing the page 0xc04c0000
Sharing the page 0xc0543000
Sharing the page 0xc04ba000
Store/AMO page fault
COW: ptep 0xc04bfff8, pte 0x20150c13
Sharing the page 0xc04c2000
Sharing the page 0xc04c1000
Sharing the page 0xc04c0000
Sharing the page 0xc054b000
Sharing the page 0xc04ba000
Store/AMO page fault
COW: ptep 0xc04bfff8, pte 0x20152c13
Sharing the page 0xc04c2000
Sharing the page 0xc04c1000
Sharing the page 0xc04c0000
Sharing the page 0xc0553000
Sharing the page 0xc04ba000
Store/AMO page fault
COW: ptep 0xc04bfff8, pte 0x20154c13
Sharing the page 0xc04c2000
Sharing the page 0xc04c1000
Sharing the page 0xc04c0000
Sharing the page 0xc055b000
Sharing the page 0xc04ba000
Store/AMO page fault
COW: ptep 0xc04bfff8, pte 0x20156c13
Sharing the page 0xc04c2000
Sharing the page 0xc04c1000
Sharing the page 0xc04c0000
Sharing the page 0xc0563000
Sharing the page 0xc04ba000
Store/AMO page fault
COW: ptep 0xc04bfff8, pte 0x20158c13
Sharing the page 0xc04c2000
Sharing the page 0xc04c1000
Sharing the page 0xc04c0000
Sharing the page 0xc056b000
Sharing the page 0xc04ba000
Store/AMO page fault
COW: ptep 0xc04bfff8, pte 0x2015ac13
Sharing the page 0xc04c2000
Sharing the page 0xc04c1000
Sharing the page 0xc04c0000
Sharing the page 0xc0573000
Sharing the page 0xc04ba000
Store/AMO page fault
COW: ptep 0xc04bfff8, pte 0x2015cc13
Sharing the page 0xc04c2000
Sharing the page 0xc04c1000
Sharing the page 0xc04c0000
Sharing the page 0xc057c000
Sharing the page 0xc04ba000
Store/AMO page fault
COW: ptep 0xc04bfff8, pte 0x2015f013
Sharing the page 0xc04c2000
Sharing the page 0xc04c1000
Sharing the page 0xc04c0000
Sharing the page 0xc0584000
Sharing the page 0xc04ba000
Store/AMO page fault
COW: ptep 0xc04bfff8, pte 0x20161013
Sharing the page 0xc04c2000
Sharing the page 0xc04c1000
Sharing the page 0xc04c0000
Sharing the page 0xc058c000
Sharing the page 0xc04ba000
Store/AMO page fault
COW: ptep 0xc04bfff8, pte 0x20163013
Sharing the page 0xc04c2000
Sharing the page 0xc04c1000
Sharing the page 0xc04c0000
Sharing the page 0xc0594000
Sharing the page 0xc04ba000
Store/AMO page fault
COW: ptep 0xc04bfff8, pte 0x20165013
Sharing the page 0xc04c2000
Sharing the page 0xc04c1000
Sharing the page 0xc04c0000
Sharing the page 0xc059c000
Sharing the page 0xc04ba000
Store/AMO page fault
COW: ptep 0xc04bfff8, pte 0x20167013
Sharing the page 0xc04c2000
Sharing the page 0xc04c1000
Sharing the page 0xc04c0000
Sharing the page 0xc05a4000
Sharing the page 0xc04ba000
Store/AMO page fault
COW: ptep 0xc04bfff8, pte 0x20169013
Sharing the page 0xc04c2000
Sharing the page 0xc04c1000
Sharing the page 0xc04c0000
Sharing the page 0xc05ac000
Sharing the page 0xc04ba000
Store/AMO page fault
COW: ptep 0xc04bfff8, pte 0x2016b013
Sharing the page 0xc04c2000
Sharing the page 0xc04c1000
Sharing the page 0xc04c0000
Sharing the page 0xc05b4000
Sharing the page 0xc04ba000
Store/AMO page fault
COW: ptep 0xc04bfff8, pte 0x2016d013
Sharing the page 0xc04c2000
Sharing the page 0xc04c1000
Sharing the page 0xc04c0000
Sharing the page 0xc05bd000
Sharing the page 0xc04ba000
Store/AMO page fault
COW: ptep 0xc04bfff8, pte 0x2016f413
I am child 31
Store/AMO page fault
COW: ptep 0xc05baff8, pte 0x2016d013
I am child 30
Store/AMO page fault
COW: ptep 0xc05b1ff8, pte 0x2016b013
I am child 29
Store/AMO page fault
COW: ptep 0xc05a9ff8, pte 0x20169013
I am child 28
Store/AMO page fault
COW: ptep 0xc05a1ff8, pte 0x20167013
I am child 27
Store/AMO page fault
COW: ptep 0xc0599ff8, pte 0x20165013
I am child 26
Store/AMO page fault
COW: ptep 0xc0591ff8, pte 0x20163013
I am child 25
Store/AMO page fault
COW: ptep 0xc0589ff8, pte 0x20161013
I am child 24
Store/AMO page fault
COW: ptep 0xc0581ff8, pte 0x2015f013
I am child 23
Store/AMO page fault
COW: ptep 0xc0579ff8, pte 0x2015cc13
I am child 22
Store/AMO page fault
COW: ptep 0xc0570ff8, pte 0x2015ac13
I am child 21
Store/AMO page fault
COW: ptep 0xc0568ff8, pte 0x20158c13
I am child 20
Store/AMO page fault
COW: ptep 0xc0560ff8, pte 0x20156c13
I am child 19
Store/AMO page fault
COW: ptep 0xc0558ff8, pte 0x20154c13
I am child 18
Store/AMO page fault
COW: ptep 0xc0550ff8, pte 0x20152c13
I am child 17
Store/AMO page fault
COW: ptep 0xc0548ff8, pte 0x20150c13
I am child 16
Store/AMO page fault
COW: ptep 0xc0540ff8, pte 0x2014ec13
I am child 15
Store/AMO page fault
COW: ptep 0xc0538ff8, pte 0x2014c813
I am child 14
Store/AMO page fault
COW: ptep 0xc052fff8, pte 0x2014a813
I am child 13
Store/AMO page fault
COW: ptep 0xc0527ff8, pte 0x20148813
I am child 12
Store/AMO page fault
COW: ptep 0xc051fff8, pte 0x20146813
I am child 11
Store/AMO page fault
COW: ptep 0xc0517ff8, pte 0x20144813
I am child 10
Store/AMO page fault
COW: ptep 0xc050fff8, pte 0x20142813
I am child 9
Store/AMO page fault
COW: ptep 0xc0507ff8, pte 0x20140813
I am child 8
Store/AMO page fault
COW: ptep 0xc04ffff8, pte 0x2013e813
I am child 7
Store/AMO page fault
COW: ptep 0xc04f7ff8, pte 0x2013c813
I am child 6
Store/AMO page fault
COW: ptep 0xc04efff8, pte 0x2013a813
I am child 5
Store/AMO page fault
COW: ptep 0xc04e7ff8, pte 0x20138813
I am child 4
Store/AMO page fault
COW: ptep 0xc04dfff8, pte 0x20136813
I am child 3
Store/AMO page fault
COW: ptep 0xc04d7ff8, pte 0x20134813
I am child 2
Store/AMO page fault
COW: ptep 0xc04cfff8, pte 0x20132813
I am child 1
Store/AMO page fault
COW: ptep 0xc04c7ff8, pte 0x2012f41b
I am child 0
forktest pass.
all user-mode processes have quit.
init check memory pass.
kernel panic at kern/process/proc.c:584:
    initproc exit.

